Start time: Wed Jun 11 22:24:45 CST 2025
Configuration: configs/cifar100/sdd_dkd_lskd/res32x4_res8x4.yaml
M setting: [1]
=========================================
<class 'str'>
[36m[INFO] CONFIG:
DATASET:
  NUM_WORKERS: 2
  TEST:
    BATCH_SIZE: 64
  TYPE: cifar100
DISTILLER:
  STUDENT: resnet8x4_sdd
  TEACHER: resnet32x4_sdd
  TYPE: SDD_DKD_LSKD
EXPERIMENT:
  NAME: ''
  PROJECT: cifar100_baselines
  TAG: sdd_dkd_lskd,res32x4,res8x4
LOG:
  PREFIX: ./output
  SAVE_CHECKPOINT_FREQ: 40
  TENSORBOARD_FREQ: 500
  WANDB: false
SOLVER:
  BATCH_SIZE: 64
  EPOCHS: 240
  LR: 0.05
  LR_DECAY_RATE: 0.1
  LR_DECAY_STAGES:
  - 150
  - 180
  - 210
  MOMENTUM: 0.9
  TRAINER: base
  TYPE: SGD
  WEIGHT_DECAY: 0.0005
[0m
Files already downloaded and verified
Files already downloaded and verified
[36m[INFO] Loading teacher model[0m
[1]
[1]
[36m[INFO] Extra parameters of SDD_DKD_LSKD: 0[0m[0m
Epoch 1: Training...
/root/repos/SDD-LSKD-Fusion/mdistiller/engine/utils.py:107: FutureWarning: You are using `torch.load` with `weights_only=False` (the current default value), which uses the default pickle module implicitly. It is possible to construct malicious pickle data which will execute arbitrary code during unpickling (See https://github.com/pytorch/pytorch/blob/main/SECURITY.md#untrusted-models for more details). In a future release, the default value for `weights_only` will be flipped to `True`. This limits the functions that could be executed during unpickling. Arbitrary objects will no longer be allowed to be loaded via this mode unless they are explicitly allowlisted by the user via `torch.serialization.add_safe_globals`. We recommend you start setting `weights_only=True` for any use case where you don't have full control of the loaded file. Please open an issue on GitHub for any issues related to this experimental feature.
  return torch.load(f, map_location="cpu")
/root/miniconda3/envs/sdd-lskd-fusion/lib/python3.8/site-packages/torch/nn/_reduction.py:42: UserWarning: size_average and reduce args will be deprecated, please use reduction='sum' instead.
  warnings.warn(warning.format(ret))
  Batch 100/782 - Loss CE: 4.3907, Loss KD: 2.4623
  Batch 200/782 - Loss CE: 4.2307, Loss KD: 2.3726
  Batch 300/782 - Loss CE: 4.1222, Loss KD: 2.3215
  Batch 400/782 - Loss CE: 4.0353, Loss KD: 2.2833
  Batch 500/782 - Loss CE: 3.9686, Loss KD: 2.2558
  Batch 600/782 - Loss CE: 3.9036, Loss KD: 2.2305
  Batch 700/782 - Loss CE: 3.8458, Loss KD: 2.2092
  Batch 782/782 - Loss CE: 3.7997, Loss KD: 2.1926
Epoch 1 Training Complete - Avg Loss CE: 3.7997, Avg Loss KD: 2.1926

Epoch 1 Results - Train Acc: 11.73% | Test Acc: 19.42% | Best: 19.42%
0.0033689191666666667
Epoch 2: Training...

  Batch 100/782 - Loss CE: 3.2909, Loss KD: 4.0008
  Batch 200/782 - Loss CE: 3.2411, Loss KD: 3.9525
  Batch 300/782 - Loss CE: 3.2083, Loss KD: 3.9245
  Batch 400/782 - Loss CE: 3.1581, Loss KD: 3.8879
  Batch 500/782 - Loss CE: 3.1193, Loss KD: 3.8592
  Batch 600/782 - Loss CE: 3.0762, Loss KD: 3.8287
  Batch 700/782 - Loss CE: 3.0373, Loss KD: 3.8016
  Batch 782/782 - Loss CE: 3.0068, Loss KD: 3.7794
Epoch 2 Training Complete - Avg Loss CE: 3.0068, Avg Loss KD: 3.7794

Epoch 2 Results - Train Acc: 25.11% | Test Acc: 28.59% | Best: 28.59%
0.0055417875
Epoch 3: Training...

  Batch 100/782 - Loss CE: 2.7229, Loss KD: 5.3401
  Batch 200/782 - Loss CE: 2.6709, Loss KD: 5.2821
  Batch 300/782 - Loss CE: 2.6362, Loss KD: 5.2330
  Batch 400/782 - Loss CE: 2.6004, Loss KD: 5.1923
  Batch 500/782 - Loss CE: 2.5651, Loss KD: 5.1545
  Batch 600/782 - Loss CE: 2.5326, Loss KD: 5.1189
  Batch 700/782 - Loss CE: 2.5071, Loss KD: 5.0867
  Batch 782/782 - Loss CE: 2.4829, Loss KD: 5.0569
Epoch 3 Training Complete - Avg Loss CE: 2.4829, Avg Loss KD: 5.0569

Epoch 3 Results - Train Acc: 35.23% | Test Acc: 26.95% | Best: 28.59%
0.005754738888888889
Epoch 4: Training...

  Batch 100/782 - Loss CE: 2.2347, Loss KD: 6.3540
  Batch 200/782 - Loss CE: 2.2464, Loss KD: 6.3357
  Batch 300/782 - Loss CE: 2.2242, Loss KD: 6.3098
  Batch 400/782 - Loss CE: 2.2102, Loss KD: 6.2746
  Batch 500/782 - Loss CE: 2.1909, Loss KD: 6.2398
  Batch 600/782 - Loss CE: 2.1715, Loss KD: 6.1970
  Batch 700/782 - Loss CE: 2.1540, Loss KD: 6.1618
  Batch 782/782 - Loss CE: 2.1413, Loss KD: 6.1375
Epoch 4 Training Complete - Avg Loss CE: 2.1413, Avg Loss KD: 6.1375

Epoch 4 Results - Train Acc: 42.89% | Test Acc: 40.18% | Best: 40.18%
0.005788313611111111
Epoch 5: Training...

  Batch 100/782 - Loss CE: 1.9599, Loss KD: 7.3222
  Batch 200/782 - Loss CE: 1.9729, Loss KD: 7.2920
  Batch 300/782 - Loss CE: 1.9743, Loss KD: 7.2543
  Batch 400/782 - Loss CE: 1.9555, Loss KD: 7.2044
  Batch 500/782 - Loss CE: 1.9427, Loss KD: 7.1692
  Batch 600/782 - Loss CE: 1.9297, Loss KD: 7.1361
  Batch 700/782 - Loss CE: 1.9201, Loss KD: 7.1010
  Batch 782/782 - Loss CE: 1.9092, Loss KD: 7.0688
Epoch 5 Training Complete - Avg Loss CE: 1.9092, Avg Loss KD: 7.0688

Epoch 5 Results - Train Acc: 48.53% | Test Acc: 45.70% | Best: 45.70%
0.005620221388888889
Epoch 6: Training...

  Batch 100/782 - Loss CE: 1.8039, Loss KD: 8.1219
  Batch 200/782 - Loss CE: 1.8065, Loss KD: 8.1334
  Batch 300/782 - Loss CE: 1.7976, Loss KD: 8.1081
  Batch 400/782 - Loss CE: 1.7916, Loss KD: 8.0791
  Batch 500/782 - Loss CE: 1.7891, Loss KD: 8.0485
  Batch 600/782 - Loss CE: 1.7792, Loss KD: 8.0163
  Batch 700/782 - Loss CE: 1.7693, Loss KD: 7.9821
  Batch 782/782 - Loss CE: 1.7648, Loss KD: 7.9572
Epoch 6 Training Complete - Avg Loss CE: 1.7648, Avg Loss KD: 7.9572

Epoch 6 Results - Train Acc: 52.53% | Test Acc: 49.30% | Best: 49.30%
0.006079281666666667
Epoch 7: Training...

  Batch 100/782 - Loss CE: 1.6785, Loss KD: 9.0215
  Batch 200/782 - Loss CE: 1.6725, Loss KD: 8.9678
  Batch 300/782 - Loss CE: 1.6578, Loss KD: 8.9116
  Batch 400/782 - Loss CE: 1.6645, Loss KD: 8.8969
  Batch 500/782 - Loss CE: 1.6601, Loss KD: 8.8632
  Batch 600/782 - Loss CE: 1.6607, Loss KD: 8.8332
  Batch 700/782 - Loss CE: 1.6605, Loss KD: 8.8096
  Batch 782/782 - Loss CE: 1.6578, Loss KD: 8.7845
Epoch 7 Training Complete - Avg Loss CE: 1.6578, Avg Loss KD: 8.7845

Epoch 7 Results - Train Acc: 55.63% | Test Acc: 51.42% | Best: 51.42%
0.006370886944444445
Epoch 8: Training...

  Batch 100/782 - Loss CE: 1.5898, Loss KD: 9.7973
  Batch 200/782 - Loss CE: 1.5969, Loss KD: 9.7363
  Batch 300/782 - Loss CE: 1.5956, Loss KD: 9.6955
  Batch 400/782 - Loss CE: 1.5997, Loss KD: 9.7020
  Batch 500/782 - Loss CE: 1.5968, Loss KD: 9.6711
  Batch 600/782 - Loss CE: 1.5899, Loss KD: 9.6373
  Batch 700/782 - Loss CE: 1.5922, Loss KD: 9.6241
  Batch 782/782 - Loss CE: 1.5894, Loss KD: 9.6037
Epoch 8 Training Complete - Avg Loss CE: 1.5894, Avg Loss KD: 9.6037

Epoch 8 Results - Train Acc: 58.10% | Test Acc: 55.09% | Best: 55.09%
0.006477683888888889
Epoch 9: Training...

  Batch 100/782 - Loss CE: 1.5416, Loss KD: 10.4413
  Batch 200/782 - Loss CE: 1.5283, Loss KD: 10.4215
  Batch 300/782 - Loss CE: 1.5498, Loss KD: 10.4862
  Batch 400/782 - Loss CE: 1.5457, Loss KD: 10.4639
  Batch 500/782 - Loss CE: 1.5430, Loss KD: 10.4462
  Batch 600/782 - Loss CE: 1.5420, Loss KD: 10.4341
  Batch 700/782 - Loss CE: 1.5462, Loss KD: 10.4299
  Batch 782/782 - Loss CE: 1.5450, Loss KD: 10.4115
Epoch 9 Training Complete - Avg Loss CE: 1.5450, Avg Loss KD: 10.4115

Epoch 9 Results - Train Acc: 59.42% | Test Acc: 53.56% | Best: 55.09%
0.0039415944444444444
Epoch 10: Training...

  Batch 100/782 - Loss CE: 1.5184, Loss KD: 11.3124
  Batch 200/782 - Loss CE: 1.5099, Loss KD: 11.2900
  Batch 300/782 - Loss CE: 1.5130, Loss KD: 11.2786
  Batch 400/782 - Loss CE: 1.5096, Loss KD: 11.2612
  Batch 500/782 - Loss CE: 1.5065, Loss KD: 11.2336
  Batch 600/782 - Loss CE: 1.5084, Loss KD: 11.2401
  Batch 700/782 - Loss CE: 1.5057, Loss KD: 11.2149
  Batch 782/782 - Loss CE: 1.5043, Loss KD: 11.2144
Epoch 10 Training Complete - Avg Loss CE: 1.5043, Avg Loss KD: 11.2144

Epoch 10 Results - Train Acc: 61.37% | Test Acc: 54.67% | Best: 55.09%
0.005850779444444444
Epoch 11: Training...

  Batch 100/782 - Loss CE: 1.4593, Loss KD: 12.0148
  Batch 200/782 - Loss CE: 1.4774, Loss KD: 12.0303
  Batch 300/782 - Loss CE: 1.4832, Loss KD: 12.0635
  Batch 400/782 - Loss CE: 1.4876, Loss KD: 12.0774
  Batch 500/782 - Loss CE: 1.4843, Loss KD: 12.0632
  Batch 600/782 - Loss CE: 1.4806, Loss KD: 12.0440
  Batch 700/782 - Loss CE: 1.4802, Loss KD: 12.0223
  Batch 782/782 - Loss CE: 1.4790, Loss KD: 12.0143
Epoch 11 Training Complete - Avg Loss CE: 1.4790, Avg Loss KD: 12.0143

Epoch 11 Results - Train Acc: 62.03% | Test Acc: 57.03% | Best: 57.03%
0.006134237777777778
Epoch 12: Training...

  Batch 100/782 - Loss CE: 1.4199, Loss KD: 12.7384
  Batch 200/782 - Loss CE: 1.4460, Loss KD: 12.8265
  Batch 300/782 - Loss CE: 1.4523, Loss KD: 12.8486
  Batch 400/782 - Loss CE: 1.4544, Loss KD: 12.8420
  Batch 500/782 - Loss CE: 1.4560, Loss KD: 12.8319
  Batch 600/782 - Loss CE: 1.4629, Loss KD: 12.8328
  Batch 700/782 - Loss CE: 1.4630, Loss KD: 12.8224
  Batch 782/782 - Loss CE: 1.4641, Loss KD: 12.8162
Epoch 12 Training Complete - Avg Loss CE: 1.4641, Avg Loss KD: 12.8162

Epoch 12 Results - Train Acc: 62.78% | Test Acc: 56.00% | Best: 57.03%
0.0061266524999999995
Epoch 13: Training...

  Batch 100/782 - Loss CE: 1.4252, Loss KD: 13.6989
  Batch 200/782 - Loss CE: 1.4245, Loss KD: 13.6373
  Batch 300/782 - Loss CE: 1.4406, Loss KD: 13.6783
  Batch 400/782 - Loss CE: 1.4471, Loss KD: 13.6653
  Batch 500/782 - Loss CE: 1.4530, Loss KD: 13.6669
  Batch 600/782 - Loss CE: 1.4521, Loss KD: 13.6420
  Batch 700/782 - Loss CE: 1.4547, Loss KD: 13.6645
  Batch 782/782 - Loss CE: 1.4528, Loss KD: 13.6557
Epoch 13 Training Complete - Avg Loss CE: 1.4528, Avg Loss KD: 13.6557

Epoch 13 Results - Train Acc: 63.69% | Test Acc: 57.05% | Best: 57.05%
0.006004421111111111
Epoch 14: Training...

  Batch 100/782 - Loss CE: 1.4415, Loss KD: 14.3776
  Batch 200/782 - Loss CE: 1.4459, Loss KD: 14.4729
  Batch 300/782 - Loss CE: 1.4398, Loss KD: 14.4274
  Batch 400/782 - Loss CE: 1.4409, Loss KD: 14.4148
  Batch 500/782 - Loss CE: 1.4408, Loss KD: 14.4064
  Batch 600/782 - Loss CE: 1.4417, Loss KD: 14.3913
  Batch 700/782 - Loss CE: 1.4418, Loss KD: 14.3917
  Batch 782/782 - Loss CE: 1.4400, Loss KD: 14.3814
Epoch 14 Training Complete - Avg Loss CE: 1.4400, Avg Loss KD: 14.3814

Epoch 14 Results - Train Acc: 64.06% | Test Acc: 53.13% | Best: 57.05%
0.006157363611111111
Epoch 15: Training...

  Batch 100/782 - Loss CE: 1.4145, Loss KD: 15.1497
  Batch 200/782 - Loss CE: 1.4222, Loss KD: 15.1648
  Batch 300/782 - Loss CE: 1.4251, Loss KD: 15.2378
  Batch 400/782 - Loss CE: 1.4328, Loss KD: 15.2459
  Batch 500/782 - Loss CE: 1.4292, Loss KD: 15.2389
  Batch 600/782 - Loss CE: 1.4322, Loss KD: 15.2478
  Batch 700/782 - Loss CE: 1.4303, Loss KD: 15.2282
  Batch 782/782 - Loss CE: 1.4343, Loss KD: 15.2303
Epoch 15 Training Complete - Avg Loss CE: 1.4343, Avg Loss KD: 15.2303

Epoch 15 Results - Train Acc: 64.56% | Test Acc: 54.52% | Best: 57.05%
0.006100525277777778
Epoch 16: Training...

  Batch 100/782 - Loss CE: 1.3939, Loss KD: 15.7743
  Batch 200/782 - Loss CE: 1.4045, Loss KD: 15.8507
  Batch 300/782 - Loss CE: 1.4126, Loss KD: 15.9233
  Batch 400/782 - Loss CE: 1.4266, Loss KD: 16.0450
  Batch 500/782 - Loss CE: 1.4283, Loss KD: 16.0658
  Batch 600/782 - Loss CE: 1.4280, Loss KD: 16.0696
  Batch 700/782 - Loss CE: 1.4252, Loss KD: 16.0514
  Batch 782/782 - Loss CE: 1.4246, Loss KD: 16.0372
Epoch 16 Training Complete - Avg Loss CE: 1.4246, Avg Loss KD: 16.0372

Epoch 16 Results - Train Acc: 64.78% | Test Acc: 54.58% | Best: 57.05%
0.006116706388888889
Epoch 17: Training...

  Batch 100/782 - Loss CE: 1.3945, Loss KD: 16.5716
  Batch 200/782 - Loss CE: 1.3941, Loss KD: 16.6172
  Batch 300/782 - Loss CE: 1.4005, Loss KD: 16.6118
  Batch 400/782 - Loss CE: 1.4076, Loss KD: 16.6873
  Batch 500/782 - Loss CE: 1.4091, Loss KD: 16.6958
  Batch 600/782 - Loss CE: 1.4185, Loss KD: 16.7211
  Batch 700/782 - Loss CE: 1.4194, Loss KD: 16.7461
  Batch 782/782 - Loss CE: 1.4216, Loss KD: 16.7519
Epoch 17 Training Complete - Avg Loss CE: 1.4216, Avg Loss KD: 16.7519

Epoch 17 Results - Train Acc: 65.39% | Test Acc: 59.69% | Best: 59.69%
0.00598791
Epoch 18: Training...

  Batch 100/782 - Loss CE: 1.4062, Loss KD: 17.4318
  Batch 200/782 - Loss CE: 1.4217, Loss KD: 17.5345
  Batch 300/782 - Loss CE: 1.4281, Loss KD: 17.5724
  Batch 400/782 - Loss CE: 1.4289, Loss KD: 17.6101
  Batch 500/782 - Loss CE: 1.4276, Loss KD: 17.6262
  Batch 600/782 - Loss CE: 1.4303, Loss KD: 17.6802
  Batch 700/782 - Loss CE: 1.4282, Loss KD: 17.6909
  Batch 782/782 - Loss CE: 1.4252, Loss KD: 17.6714
Epoch 18 Training Complete - Avg Loss CE: 1.4252, Avg Loss KD: 17.6714

Epoch 18 Results - Train Acc: 65.41% | Test Acc: 60.86% | Best: 60.86%
0.0061168736111111115
Epoch 19: Training...

  Batch 100/782 - Loss CE: 1.3936, Loss KD: 18.1353
  Batch 200/782 - Loss CE: 1.4045, Loss KD: 18.3221
  Batch 300/782 - Loss CE: 1.4155, Loss KD: 18.4037
  Batch 400/782 - Loss CE: 1.4216, Loss KD: 18.4619
  Batch 500/782 - Loss CE: 1.4181, Loss KD: 18.4241
  Batch 600/782 - Loss CE: 1.4125, Loss KD: 18.4134
  Batch 700/782 - Loss CE: 1.4161, Loss KD: 18.4389
  Batch 782/782 - Loss CE: 1.4130, Loss KD: 18.4060
Epoch 19 Training Complete - Avg Loss CE: 1.4130, Avg Loss KD: 18.4060

Epoch 19 Results - Train Acc: 65.91% | Test Acc: 57.16% | Best: 60.86%
0.006000187777777778
Epoch 20: Training...

  Batch 100/782 - Loss CE: 1.3975, Loss KD: 19.1267
  Batch 200/782 - Loss CE: 1.3945, Loss KD: 19.0429
  Batch 300/782 - Loss CE: 1.4015, Loss KD: 19.1594
  Batch 400/782 - Loss CE: 1.4033, Loss KD: 19.1190
  Batch 500/782 - Loss CE: 1.4029, Loss KD: 19.1540
  Batch 600/782 - Loss CE: 1.4048, Loss KD: 19.1846
  Batch 700/782 - Loss CE: 1.4122, Loss KD: 19.2455
  Batch 782/782 - Loss CE: 1.4121, Loss KD: 19.2668
Epoch 20 Training Complete - Avg Loss CE: 1.4121, Avg Loss KD: 19.2668

Epoch 20 Results - Train Acc: 66.31% | Test Acc: 55.03% | Best: 60.86%
0.00599917
Epoch 21: Training...

  Batch 100/782 - Loss CE: 1.3616, Loss KD: 18.6551
  Batch 200/782 - Loss CE: 1.3788, Loss KD: 18.7645
  Batch 300/782 - Loss CE: 1.3890, Loss KD: 18.8660
  Batch 400/782 - Loss CE: 1.3899, Loss KD: 18.8568
  Batch 500/782 - Loss CE: 1.3924, Loss KD: 18.8278
  Batch 600/782 - Loss CE: 1.3945, Loss KD: 18.8313
  Batch 700/782 - Loss CE: 1.3949, Loss KD: 18.8345
  Batch 782/782 - Loss CE: 1.3938, Loss KD: 18.8510
Epoch 21 Training Complete - Avg Loss CE: 1.3938, Avg Loss KD: 18.8510

Epoch 21 Results - Train Acc: 66.59% | Test Acc: 56.35% | Best: 60.86%
0.006077326388888888
Epoch 22: Training...

  Batch 100/782 - Loss CE: 1.3395, Loss KD: 18.2266
  Batch 200/782 - Loss CE: 1.3485, Loss KD: 18.2957
  Batch 300/782 - Loss CE: 1.3639, Loss KD: 18.4772
  Batch 400/782 - Loss CE: 1.3675, Loss KD: 18.5518
  Batch 500/782 - Loss CE: 1.3696, Loss KD: 18.5875
  Batch 600/782 - Loss CE: 1.3761, Loss KD: 18.6541
  Batch 700/782 - Loss CE: 1.3799, Loss KD: 18.7004
  Batch 782/782 - Loss CE: 1.3845, Loss KD: 18.7322
Epoch 22 Training Complete - Avg Loss CE: 1.3845, Avg Loss KD: 18.7322

Epoch 22 Results - Train Acc: 67.13% | Test Acc: 56.47% | Best: 60.86%
0.006248822500000001
Epoch 23: Training...

  Batch 100/782 - Loss CE: 1.3560, Loss KD: 18.5032
  Batch 200/782 - Loss CE: 1.3542, Loss KD: 18.4129
  Batch 300/782 - Loss CE: 1.3508, Loss KD: 18.2817
  Batch 400/782 - Loss CE: 1.3562, Loss KD: 18.3282
  Batch 500/782 - Loss CE: 1.3676, Loss KD: 18.4273
  Batch 600/782 - Loss CE: 1.3745, Loss KD: 18.4789
  Batch 700/782 - Loss CE: 1.3765, Loss KD: 18.5005
  Batch 782/782 - Loss CE: 1.3792, Loss KD: 18.5204
Epoch 23 Training Complete - Avg Loss CE: 1.3792, Avg Loss KD: 18.5204

Epoch 23 Results - Train Acc: 67.16% | Test Acc: 59.92% | Best: 60.86%
0.006146104166666667
Epoch 24: Training...

  Batch 100/782 - Loss CE: 1.3441, Loss KD: 18.0337
  Batch 200/782 - Loss CE: 1.3476, Loss KD: 18.0898
  Batch 300/782 - Loss CE: 1.3586, Loss KD: 18.1906
  Batch 400/782 - Loss CE: 1.3631, Loss KD: 18.2614
  Batch 500/782 - Loss CE: 1.3718, Loss KD: 18.3440
  Batch 600/782 - Loss CE: 1.3732, Loss KD: 18.3262
  Batch 700/782 - Loss CE: 1.3752, Loss KD: 18.3116
  Batch 782/782 - Loss CE: 1.3786, Loss KD: 18.3510
Epoch 24 Training Complete - Avg Loss CE: 1.3786, Avg Loss KD: 18.3510

Epoch 24 Results - Train Acc: 67.77% | Test Acc: 59.13% | Best: 60.86%
0.006133955833333333
Epoch 25: Training...

  Batch 100/782 - Loss CE: 1.3460, Loss KD: 18.1845
  Batch 200/782 - Loss CE: 1.3652, Loss KD: 18.1637
  Batch 300/782 - Loss CE: 1.3603, Loss KD: 18.2004
  Batch 400/782 - Loss CE: 1.3634, Loss KD: 18.2128
  Batch 500/782 - Loss CE: 1.3697, Loss KD: 18.2513
  Batch 600/782 - Loss CE: 1.3726, Loss KD: 18.2580
  Batch 700/782 - Loss CE: 1.3690, Loss KD: 18.2306
  Batch 782/782 - Loss CE: 1.3703, Loss KD: 18.2357
Epoch 25 Training Complete - Avg Loss CE: 1.3703, Avg Loss KD: 18.2357

Epoch 25 Results - Train Acc: 67.88% | Test Acc: 59.97% | Best: 60.86%
0.006065930277777778
Epoch 26: Training...

  Batch 100/782 - Loss CE: 1.3280, Loss KD: 17.7283
  Batch 200/782 - Loss CE: 1.3470, Loss KD: 17.7269
  Batch 300/782 - Loss CE: 1.3521, Loss KD: 17.8906
  Batch 400/782 - Loss CE: 1.3490, Loss KD: 17.8982
  Batch 500/782 - Loss CE: 1.3522, Loss KD: 17.9100
  Batch 600/782 - Loss CE: 1.3571, Loss KD: 17.9462
  Batch 700/782 - Loss CE: 1.3589, Loss KD: 17.9883
  Batch 782/782 - Loss CE: 1.3621, Loss KD: 18.0219
Epoch 26 Training Complete - Avg Loss CE: 1.3621, Avg Loss KD: 18.0219

Epoch 26 Results - Train Acc: 68.63% | Test Acc: 58.99% | Best: 60.86%
0.006290066111111111
Epoch 27: Training...

  Batch 100/782 - Loss CE: 1.3425, Loss KD: 17.5384
  Batch 200/782 - Loss CE: 1.3474, Loss KD: 17.6721
  Batch 300/782 - Loss CE: 1.3468, Loss KD: 17.7210
  Batch 400/782 - Loss CE: 1.3575, Loss KD: 17.8790
  Batch 500/782 - Loss CE: 1.3622, Loss KD: 17.9524
  Batch 600/782 - Loss CE: 1.3660, Loss KD: 17.9984
  Batch 700/782 - Loss CE: 1.3689, Loss KD: 18.0140
  Batch 782/782 - Loss CE: 1.3739, Loss KD: 18.0510
Epoch 27 Training Complete - Avg Loss CE: 1.3739, Avg Loss KD: 18.0510

Epoch 27 Results - Train Acc: 68.24% | Test Acc: 61.07% | Best: 61.07%
0.005905532222222222
Epoch 28: Training...

  Batch 100/782 - Loss CE: 1.3474, Loss KD: 17.7588
  Batch 200/782 - Loss CE: 1.3416, Loss KD: 17.7199
  Batch 300/782 - Loss CE: 1.3430, Loss KD: 17.7366
  Batch 400/782 - Loss CE: 1.3499, Loss KD: 17.7879
  Batch 500/782 - Loss CE: 1.3592, Loss KD: 17.8734
  Batch 600/782 - Loss CE: 1.3660, Loss KD: 17.9295
  Batch 700/782 - Loss CE: 1.3687, Loss KD: 17.9739
  Batch 782/782 - Loss CE: 1.3732, Loss KD: 18.0321
Epoch 28 Training Complete - Avg Loss CE: 1.3732, Avg Loss KD: 18.0321

Epoch 28 Results - Train Acc: 68.58% | Test Acc: 61.05% | Best: 61.07%
0.006083084444444445
Epoch 29: Training...

  Batch 100/782 - Loss CE: 1.3412, Loss KD: 17.6705
  Batch 200/782 - Loss CE: 1.3491, Loss KD: 17.7528
  Batch 300/782 - Loss CE: 1.3469, Loss KD: 17.6855
  Batch 400/782 - Loss CE: 1.3471, Loss KD: 17.6361
  Batch 500/782 - Loss CE: 1.3485, Loss KD: 17.6985
  Batch 600/782 - Loss CE: 1.3532, Loss KD: 17.7558
  Batch 700/782 - Loss CE: 1.3606, Loss KD: 17.7981
  Batch 782/782 - Loss CE: 1.3639, Loss KD: 17.8260
Epoch 29 Training Complete - Avg Loss CE: 1.3639, Avg Loss KD: 17.8260

Epoch 29 Results - Train Acc: 68.78% | Test Acc: 60.10% | Best: 61.07%
0.006075561944444444
Epoch 30: Training...

  Batch 100/782 - Loss CE: 1.3156, Loss KD: 17.2451
  Batch 200/782 - Loss CE: 1.3288, Loss KD: 17.3638
  Batch 300/782 - Loss CE: 1.3443, Loss KD: 17.5371
  Batch 400/782 - Loss CE: 1.3502, Loss KD: 17.6142
  Batch 500/782 - Loss CE: 1.3542, Loss KD: 17.6334
  Batch 600/782 - Loss CE: 1.3551, Loss KD: 17.6422
  Batch 700/782 - Loss CE: 1.3603, Loss KD: 17.7154
  Batch 782/782 - Loss CE: 1.3626, Loss KD: 17.7424
Epoch 30 Training Complete - Avg Loss CE: 1.3626, Avg Loss KD: 17.7424

Epoch 30 Results - Train Acc: 69.11% | Test Acc: 62.24% | Best: 62.24%
0.0060245836111111105
Epoch 31: Training...

  Batch 100/782 - Loss CE: 1.3398, Loss KD: 17.5339
  Batch 200/782 - Loss CE: 1.3360, Loss KD: 17.4850
  Batch 300/782 - Loss CE: 1.3548, Loss KD: 17.6942
  Batch 400/782 - Loss CE: 1.3586, Loss KD: 17.6915
  Batch 500/782 - Loss CE: 1.3641, Loss KD: 17.7042
  Batch 600/782 - Loss CE: 1.3640, Loss KD: 17.7058
  Batch 700/782 - Loss CE: 1.3630, Loss KD: 17.7253
  Batch 782/782 - Loss CE: 1.3673, Loss KD: 17.7738
Epoch 31 Training Complete - Avg Loss CE: 1.3673, Avg Loss KD: 17.7738

Epoch 31 Results - Train Acc: 69.04% | Test Acc: 61.50% | Best: 62.24%
0.005957654722222222
Epoch 32: Training...

  Batch 100/782 - Loss CE: 1.3326, Loss KD: 17.4398
  Batch 200/782 - Loss CE: 1.3384, Loss KD: 17.2808
  Batch 300/782 - Loss CE: 1.3436, Loss KD: 17.3790
  Batch 400/782 - Loss CE: 1.3490, Loss KD: 17.5160
  Batch 500/782 - Loss CE: 1.3534, Loss KD: 17.5857
  Batch 600/782 - Loss CE: 1.3578, Loss KD: 17.6377
  Batch 700/782 - Loss CE: 1.3600, Loss KD: 17.6824
  Batch 782/782 - Loss CE: 1.3645, Loss KD: 17.7118
Epoch 32 Training Complete - Avg Loss CE: 1.3645, Avg Loss KD: 17.7118

Epoch 32 Results - Train Acc: 69.31% | Test Acc: 59.56% | Best: 62.24%
0.005722839166666667
Epoch 33: Training...

  Batch 100/782 - Loss CE: 1.3001, Loss KD: 16.9872
  Batch 200/782 - Loss CE: 1.3232, Loss KD: 17.1575
  Batch 300/782 - Loss CE: 1.3327, Loss KD: 17.2871
  Batch 400/782 - Loss CE: 1.3459, Loss KD: 17.4167
  Batch 500/782 - Loss CE: 1.3530, Loss KD: 17.5495
  Batch 600/782 - Loss CE: 1.3557, Loss KD: 17.5787
  Batch 700/782 - Loss CE: 1.3549, Loss KD: 17.5827
  Batch 782/782 - Loss CE: 1.3574, Loss KD: 17.6030
Epoch 33 Training Complete - Avg Loss CE: 1.3574, Avg Loss KD: 17.6030

Epoch 33 Results - Train Acc: 69.19% | Test Acc: 60.39% | Best: 62.24%
0.006108212777777778
Epoch 34: Training...

  Batch 100/782 - Loss CE: 1.3450, Loss KD: 17.4272
  Batch 200/782 - Loss CE: 1.3423, Loss KD: 17.2874
  Batch 300/782 - Loss CE: 1.3429, Loss KD: 17.3946
  Batch 400/782 - Loss CE: 1.3455, Loss KD: 17.5051
  Batch 500/782 - Loss CE: 1.3514, Loss KD: 17.5480
  Batch 600/782 - Loss CE: 1.3530, Loss KD: 17.5822
  Batch 700/782 - Loss CE: 1.3591, Loss KD: 17.6134
  Batch 782/782 - Loss CE: 1.3605, Loss KD: 17.6457
Epoch 34 Training Complete - Avg Loss CE: 1.3605, Avg Loss KD: 17.6457

Epoch 34 Results - Train Acc: 69.01% | Test Acc: 52.35% | Best: 62.24%
0.006142288055555556
Epoch 35: Training...

  Batch 100/782 - Loss CE: 1.3329, Loss KD: 17.5319
  Batch 200/782 - Loss CE: 1.3334, Loss KD: 17.3778
  Batch 300/782 - Loss CE: 1.3361, Loss KD: 17.3298
  Batch 400/782 - Loss CE: 1.3427, Loss KD: 17.4081
  Batch 500/782 - Loss CE: 1.3476, Loss KD: 17.4788
  Batch 600/782 - Loss CE: 1.3540, Loss KD: 17.5281
  Batch 700/782 - Loss CE: 1.3561, Loss KD: 17.5546
  Batch 782/782 - Loss CE: 1.3620, Loss KD: 17.6166
Epoch 35 Training Complete - Avg Loss CE: 1.3620, Avg Loss KD: 17.6166

Epoch 35 Results - Train Acc: 69.31% | Test Acc: 60.04% | Best: 62.24%
0.006132758888888889
Epoch 36: Training...

  Batch 100/782 - Loss CE: 1.3202, Loss KD: 17.1770
  Batch 200/782 - Loss CE: 1.3300, Loss KD: 17.2464
  Batch 300/782 - Loss CE: 1.3402, Loss KD: 17.3695
  Batch 400/782 - Loss CE: 1.3437, Loss KD: 17.3945
  Batch 500/782 - Loss CE: 1.3499, Loss KD: 17.4498
  Batch 600/782 - Loss CE: 1.3512, Loss KD: 17.4687
  Batch 700/782 - Loss CE: 1.3518, Loss KD: 17.4535
  Batch 782/782 - Loss CE: 1.3565, Loss KD: 17.4937
Epoch 36 Training Complete - Avg Loss CE: 1.3565, Avg Loss KD: 17.4937

Epoch 36 Results - Train Acc: 69.50% | Test Acc: 56.39% | Best: 62.24%
0.006141195555555556
Epoch 37: Training...

  Batch 100/782 - Loss CE: 1.3482, Loss KD: 16.9915
  Batch 200/782 - Loss CE: 1.3563, Loss KD: 17.1759
  Batch 300/782 - Loss CE: 1.3576, Loss KD: 17.2504
  Batch 400/782 - Loss CE: 1.3650, Loss KD: 17.2952
  Batch 500/782 - Loss CE: 1.3645, Loss KD: 17.3639
  Batch 600/782 - Loss CE: 1.3679, Loss KD: 17.4224
  Batch 700/782 - Loss CE: 1.3690, Loss KD: 17.4561
  Batch 782/782 - Loss CE: 1.3660, Loss KD: 17.4464
Epoch 37 Training Complete - Avg Loss CE: 1.3660, Avg Loss KD: 17.4464

Epoch 37 Results - Train Acc: 69.47% | Test Acc: 62.28% | Best: 62.28%
0.006095091111111111
Epoch 38: Training...

  Batch 100/782 - Loss CE: 1.2942, Loss KD: 16.9217
  Batch 200/782 - Loss CE: 1.3157, Loss KD: 16.9665
  Batch 300/782 - Loss CE: 1.3309, Loss KD: 17.1331
  Batch 400/782 - Loss CE: 1.3407, Loss KD: 17.2345
  Batch 500/782 - Loss CE: 1.3455, Loss KD: 17.3083
  Batch 600/782 - Loss CE: 1.3516, Loss KD: 17.3636
  Batch 700/782 - Loss CE: 1.3552, Loss KD: 17.3938
  Batch 782/782 - Loss CE: 1.3570, Loss KD: 17.4430
Epoch 38 Training Complete - Avg Loss CE: 1.3570, Avg Loss KD: 17.4430

Epoch 38 Results - Train Acc: 69.84% | Test Acc: 58.35% | Best: 62.28%
0.006013210555555555
Epoch 39: Training...

  Batch 100/782 - Loss CE: 1.3266, Loss KD: 17.0024
  Batch 200/782 - Loss CE: 1.3356, Loss KD: 17.0355
  Batch 300/782 - Loss CE: 1.3552, Loss KD: 17.2336
  Batch 400/782 - Loss CE: 1.3547, Loss KD: 17.2724
  Batch 500/782 - Loss CE: 1.3604, Loss KD: 17.3517
  Batch 600/782 - Loss CE: 1.3573, Loss KD: 17.3421
  Batch 700/782 - Loss CE: 1.3601, Loss KD: 17.3567
  Batch 782/782 - Loss CE: 1.3605, Loss KD: 17.3667
Epoch 39 Training Complete - Avg Loss CE: 1.3605, Avg Loss KD: 17.3667

Epoch 39 Results - Train Acc: 69.88% | Test Acc: 62.23% | Best: 62.28%
0.006113851388888889
Epoch 40: Training...

  Batch 100/782 - Loss CE: 1.3423, Loss KD: 17.2421
  Batch 200/782 - Loss CE: 1.3395, Loss KD: 17.1027
  Batch 300/782 - Loss CE: 1.3439, Loss KD: 17.1513
  Batch 400/782 - Loss CE: 1.3436, Loss KD: 17.1527
  Batch 500/782 - Loss CE: 1.3535, Loss KD: 17.2455
  Batch 600/782 - Loss CE: 1.3585, Loss KD: 17.3444
  Batch 700/782 - Loss CE: 1.3609, Loss KD: 17.3700
  Batch 782/782 - Loss CE: 1.3610, Loss KD: 17.3829
Epoch 40 Training Complete - Avg Loss CE: 1.3610, Avg Loss KD: 17.3829

Epoch 40 Results - Train Acc: 69.88% | Test Acc: 61.76% | Best: 62.28%
0.0060886755555555555
Epoch 41: Training...

  Batch 100/782 - Loss CE: 1.3198, Loss KD: 16.8530
  Batch 200/782 - Loss CE: 1.3411, Loss KD: 16.9922
  Batch 300/782 - Loss CE: 1.3475, Loss KD: 17.0642
  Batch 400/782 - Loss CE: 1.3610, Loss KD: 17.1832
  Batch 500/782 - Loss CE: 1.3652, Loss KD: 17.2740
  Batch 600/782 - Loss CE: 1.3670, Loss KD: 17.3181
  Batch 700/782 - Loss CE: 1.3692, Loss KD: 17.3429
  Batch 782/782 - Loss CE: 1.3716, Loss KD: 17.3659
Epoch 41 Training Complete - Avg Loss CE: 1.3716, Avg Loss KD: 17.3659

Epoch 41 Results - Train Acc: 69.76% | Test Acc: 62.33% | Best: 62.33%
0.006145415277777777
Epoch 42: Training...

  Batch 100/782 - Loss CE: 1.3139, Loss KD: 16.8965
  Batch 200/782 - Loss CE: 1.3320, Loss KD: 17.0363
  Batch 300/782 - Loss CE: 1.3397, Loss KD: 17.1427
  Batch 400/782 - Loss CE: 1.3506, Loss KD: 17.2162
  Batch 500/782 - Loss CE: 1.3546, Loss KD: 17.2758
  Batch 600/782 - Loss CE: 1.3587, Loss KD: 17.3309
  Batch 700/782 - Loss CE: 1.3595, Loss KD: 17.3730
  Batch 782/782 - Loss CE: 1.3619, Loss KD: 17.3865
Epoch 42 Training Complete - Avg Loss CE: 1.3619, Avg Loss KD: 17.3865

Epoch 42 Results - Train Acc: 69.75% | Test Acc: 60.34% | Best: 62.33%
0.0058224263888888884
Epoch 43: Training...

  Batch 100/782 - Loss CE: 1.3439, Loss KD: 17.0858
  Batch 200/782 - Loss CE: 1.3568, Loss KD: 17.2340
  Batch 300/782 - Loss CE: 1.3505, Loss KD: 17.1480
  Batch 400/782 - Loss CE: 1.3630, Loss KD: 17.2293
  Batch 500/782 - Loss CE: 1.3600, Loss KD: 17.2638
  Batch 600/782 - Loss CE: 1.3601, Loss KD: 17.2731
  Batch 700/782 - Loss CE: 1.3640, Loss KD: 17.2901
  Batch 782/782 - Loss CE: 1.3651, Loss KD: 17.3123
Epoch 43 Training Complete - Avg Loss CE: 1.3651, Avg Loss KD: 17.3123

Epoch 43 Results - Train Acc: 69.79% | Test Acc: 60.52% | Best: 62.33%
0.006009098333333333
Epoch 44: Training...

  Batch 100/782 - Loss CE: 1.3143, Loss KD: 16.9269
  Batch 200/782 - Loss CE: 1.3287, Loss KD: 16.9203
  Batch 300/782 - Loss CE: 1.3302, Loss KD: 16.9383
  Batch 400/782 - Loss CE: 1.3387, Loss KD: 17.0344
  Batch 500/782 - Loss CE: 1.3427, Loss KD: 17.0647
  Batch 600/782 - Loss CE: 1.3499, Loss KD: 17.1647
  Batch 700/782 - Loss CE: 1.3520, Loss KD: 17.1981
  Batch 782/782 - Loss CE: 1.3562, Loss KD: 17.2537
Epoch 44 Training Complete - Avg Loss CE: 1.3562, Avg Loss KD: 17.2537

Epoch 44 Results - Train Acc: 70.09% | Test Acc: 61.61% | Best: 62.33%
0.0060436441666666665
Epoch 45: Training...

  Batch 100/782 - Loss CE: 1.3098, Loss KD: 16.6029
  Batch 200/782 - Loss CE: 1.3205, Loss KD: 16.8170
  Batch 300/782 - Loss CE: 1.3360, Loss KD: 16.9034
  Batch 400/782 - Loss CE: 1.3452, Loss KD: 17.0250
  Batch 500/782 - Loss CE: 1.3469, Loss KD: 17.0706
  Batch 600/782 - Loss CE: 1.3528, Loss KD: 17.1518
  Batch 700/782 - Loss CE: 1.3516, Loss KD: 17.1386
  Batch 782/782 - Loss CE: 1.3529, Loss KD: 17.1697
Epoch 45 Training Complete - Avg Loss CE: 1.3529, Avg Loss KD: 17.1697

Epoch 45 Results - Train Acc: 70.11% | Test Acc: 61.93% | Best: 62.33%
0.005909269444444445
Epoch 46: Training...

  Batch 100/782 - Loss CE: 1.3371, Loss KD: 17.0461
  Batch 200/782 - Loss CE: 1.3515, Loss KD: 17.0443
  Batch 300/782 - Loss CE: 1.3562, Loss KD: 17.0955
  Batch 400/782 - Loss CE: 1.3561, Loss KD: 17.0886
  Batch 500/782 - Loss CE: 1.3606, Loss KD: 17.1646
  Batch 600/782 - Loss CE: 1.3606, Loss KD: 17.2110
  Batch 700/782 - Loss CE: 1.3627, Loss KD: 17.2203
  Batch 782/782 - Loss CE: 1.3605, Loss KD: 17.2053
Epoch 46 Training Complete - Avg Loss CE: 1.3605, Avg Loss KD: 17.2053

Epoch 46 Results - Train Acc: 70.14% | Test Acc: 59.47% | Best: 62.33%
0.006094391111111111
Epoch 47: Training...

  Batch 100/782 - Loss CE: 1.3469, Loss KD: 16.9956
  Batch 200/782 - Loss CE: 1.3411, Loss KD: 16.9164
  Batch 300/782 - Loss CE: 1.3479, Loss KD: 17.0724
  Batch 400/782 - Loss CE: 1.3453, Loss KD: 17.0554
  Batch 500/782 - Loss CE: 1.3520, Loss KD: 17.1459
  Batch 600/782 - Loss CE: 1.3539, Loss KD: 17.1744
  Batch 700/782 - Loss CE: 1.3548, Loss KD: 17.2088
  Batch 782/782 - Loss CE: 1.3525, Loss KD: 17.2123
Epoch 47 Training Complete - Avg Loss CE: 1.3525, Avg Loss KD: 17.2123

Epoch 47 Results - Train Acc: 70.05% | Test Acc: 61.55% | Best: 62.33%
0.006138323333333333
Epoch 48: Training...

  Batch 100/782 - Loss CE: 1.3328, Loss KD: 17.0376
  Batch 200/782 - Loss CE: 1.3368, Loss KD: 17.0190
  Batch 300/782 - Loss CE: 1.3504, Loss KD: 17.0862
  Batch 400/782 - Loss CE: 1.3473, Loss KD: 17.0967
  Batch 500/782 - Loss CE: 1.3541, Loss KD: 17.1028
  Batch 600/782 - Loss CE: 1.3562, Loss KD: 17.1323
  Batch 700/782 - Loss CE: 1.3572, Loss KD: 17.1391
  Batch 782/782 - Loss CE: 1.3601, Loss KD: 17.1756
Epoch 48 Training Complete - Avg Loss CE: 1.3601, Avg Loss KD: 17.1756

Epoch 48 Results - Train Acc: 70.17% | Test Acc: 61.20% | Best: 62.33%
0.006071839444444445
Epoch 49: Training...

  Batch 100/782 - Loss CE: 1.3263, Loss KD: 16.9180
  Batch 200/782 - Loss CE: 1.3223, Loss KD: 16.7986
  Batch 300/782 - Loss CE: 1.3247, Loss KD: 16.8236
  Batch 400/782 - Loss CE: 1.3449, Loss KD: 16.9617
  Batch 500/782 - Loss CE: 1.3485, Loss KD: 16.9616
  Batch 600/782 - Loss CE: 1.3487, Loss KD: 17.0261
  Batch 700/782 - Loss CE: 1.3523, Loss KD: 17.0441
  Batch 782/782 - Loss CE: 1.3586, Loss KD: 17.1083
Epoch 49 Training Complete - Avg Loss CE: 1.3586, Avg Loss KD: 17.1083

Epoch 49 Results - Train Acc: 70.30% | Test Acc: 62.28% | Best: 62.33%
0.005727502222222222
Epoch 50: Training...

  Batch 100/782 - Loss CE: 1.3733, Loss KD: 17.1669
  Batch 200/782 - Loss CE: 1.3619, Loss KD: 17.0341
  Batch 300/782 - Loss CE: 1.3643, Loss KD: 17.0544
  Batch 400/782 - Loss CE: 1.3596, Loss KD: 17.0630
  Batch 500/782 - Loss CE: 1.3614, Loss KD: 17.0896
  Batch 600/782 - Loss CE: 1.3588, Loss KD: 17.1279
  Batch 700/782 - Loss CE: 1.3604, Loss KD: 17.1651
  Batch 782/782 - Loss CE: 1.3590, Loss KD: 17.1563
Epoch 50 Training Complete - Avg Loss CE: 1.3590, Avg Loss KD: 17.1563

Epoch 50 Results - Train Acc: 70.22% | Test Acc: 59.61% | Best: 62.33%
0.006115499444444445
Epoch 51: Training...

  Batch 100/782 - Loss CE: 1.3477, Loss KD: 16.9236
  Batch 200/782 - Loss CE: 1.3516, Loss KD: 17.0156
  Batch 300/782 - Loss CE: 1.3431, Loss KD: 16.9380
  Batch 400/782 - Loss CE: 1.3412, Loss KD: 16.9436
  Batch 500/782 - Loss CE: 1.3441, Loss KD: 16.9573
  Batch 600/782 - Loss CE: 1.3459, Loss KD: 16.9746
  Batch 700/782 - Loss CE: 1.3502, Loss KD: 17.0233
  Batch 782/782 - Loss CE: 1.3559, Loss KD: 17.0601
Epoch 51 Training Complete - Avg Loss CE: 1.3559, Avg Loss KD: 17.0601

Epoch 51 Results - Train Acc: 70.57% | Test Acc: 57.75% | Best: 62.33%
0.006176461388888889
Epoch 52: Training...

  Batch 100/782 - Loss CE: 1.3057, Loss KD: 16.7671
  Batch 200/782 - Loss CE: 1.3267, Loss KD: 16.8014
  Batch 300/782 - Loss CE: 1.3412, Loss KD: 16.8650
  Batch 400/782 - Loss CE: 1.3411, Loss KD: 16.8511
  Batch 500/782 - Loss CE: 1.3412, Loss KD: 16.8875
  Batch 600/782 - Loss CE: 1.3508, Loss KD: 17.0100
  Batch 700/782 - Loss CE: 1.3558, Loss KD: 17.0669
  Batch 782/782 - Loss CE: 1.3576, Loss KD: 17.1037
Epoch 52 Training Complete - Avg Loss CE: 1.3576, Avg Loss KD: 17.1037

Epoch 52 Results - Train Acc: 70.16% | Test Acc: 61.30% | Best: 62.33%
0.006250828611111111
Epoch 53: Training...

  Batch 100/782 - Loss CE: 1.3201, Loss KD: 16.6065
  Batch 200/782 - Loss CE: 1.3360, Loss KD: 16.6880
  Batch 300/782 - Loss CE: 1.3425, Loss KD: 16.8568
  Batch 400/782 - Loss CE: 1.3475, Loss KD: 16.8510
  Batch 500/782 - Loss CE: 1.3554, Loss KD: 16.9502
  Batch 600/782 - Loss CE: 1.3594, Loss KD: 17.0038
  Batch 700/782 - Loss CE: 1.3617, Loss KD: 17.0203
  Batch 782/782 - Loss CE: 1.3616, Loss KD: 17.0644
Epoch 53 Training Complete - Avg Loss CE: 1.3616, Avg Loss KD: 17.0644

Epoch 53 Results - Train Acc: 70.21% | Test Acc: 57.10% | Best: 62.33%
0.005825327777777778
Epoch 54: Training...

  Batch 100/782 - Loss CE: 1.3006, Loss KD: 16.9847
  Batch 200/782 - Loss CE: 1.3203, Loss KD: 16.9906
  Batch 300/782 - Loss CE: 1.3340, Loss KD: 16.9182
  Batch 400/782 - Loss CE: 1.3430, Loss KD: 16.9723
  Batch 500/782 - Loss CE: 1.3483, Loss KD: 17.0205
  Batch 600/782 - Loss CE: 1.3542, Loss KD: 17.0587
  Batch 700/782 - Loss CE: 1.3614, Loss KD: 17.1099
  Batch 782/782 - Loss CE: 1.3628, Loss KD: 17.1268
Epoch 54 Training Complete - Avg Loss CE: 1.3628, Avg Loss KD: 17.1268

Epoch 54 Results - Train Acc: 70.28% | Test Acc: 60.84% | Best: 62.33%
0.006245269722222222
Epoch 55: Training...

  Batch 100/782 - Loss CE: 1.3172, Loss KD: 16.4887
  Batch 200/782 - Loss CE: 1.3119, Loss KD: 16.4845
  Batch 300/782 - Loss CE: 1.3276, Loss KD: 16.6594
  Batch 400/782 - Loss CE: 1.3323, Loss KD: 16.6932
  Batch 500/782 - Loss CE: 1.3411, Loss KD: 16.7737
  Batch 600/782 - Loss CE: 1.3463, Loss KD: 16.8649
  Batch 700/782 - Loss CE: 1.3511, Loss KD: 16.9168
  Batch 782/782 - Loss CE: 1.3571, Loss KD: 16.9939
Epoch 55 Training Complete - Avg Loss CE: 1.3571, Avg Loss KD: 16.9939

Epoch 55 Results - Train Acc: 70.32% | Test Acc: 62.72% | Best: 62.72%
0.006249046111111112
Epoch 56: Training...

  Batch 100/782 - Loss CE: 1.3326, Loss KD: 16.8023
  Batch 200/782 - Loss CE: 1.3505, Loss KD: 16.8211
  Batch 300/782 - Loss CE: 1.3534, Loss KD: 16.9467
  Batch 400/782 - Loss CE: 1.3540, Loss KD: 16.9275
  Batch 500/782 - Loss CE: 1.3552, Loss KD: 16.9659
  Batch 600/782 - Loss CE: 1.3518, Loss KD: 17.0099
  Batch 700/782 - Loss CE: 1.3513, Loss KD: 17.0598
  Batch 782/782 - Loss CE: 1.3522, Loss KD: 17.0842
Epoch 56 Training Complete - Avg Loss CE: 1.3522, Avg Loss KD: 17.0842

Epoch 56 Results - Train Acc: 70.48% | Test Acc: 62.95% | Best: 62.95%
0.005914710277777778
Epoch 57: Training...

  Batch 100/782 - Loss CE: 1.3393, Loss KD: 16.7695
  Batch 200/782 - Loss CE: 1.3438, Loss KD: 16.7064
  Batch 300/782 - Loss CE: 1.3403, Loss KD: 16.6658
  Batch 400/782 - Loss CE: 1.3488, Loss KD: 16.8049
  Batch 500/782 - Loss CE: 1.3528, Loss KD: 16.8837
  Batch 600/782 - Loss CE: 1.3528, Loss KD: 16.9279
  Batch 700/782 - Loss CE: 1.3520, Loss KD: 16.9386
  Batch 782/782 - Loss CE: 1.3525, Loss KD: 16.9685
Epoch 57 Training Complete - Avg Loss CE: 1.3525, Avg Loss KD: 16.9685

Epoch 57 Results - Train Acc: 70.81% | Test Acc: 61.54% | Best: 62.95%
0.005058961944444444
Epoch 58: Training...

  Batch 100/782 - Loss CE: 1.3404, Loss KD: 16.5600
  Batch 200/782 - Loss CE: 1.3356, Loss KD: 16.6467
  Batch 300/782 - Loss CE: 1.3488, Loss KD: 16.7627
  Batch 400/782 - Loss CE: 1.3476, Loss KD: 16.8250
  Batch 500/782 - Loss CE: 1.3488, Loss KD: 16.8790
  Batch 600/782 - Loss CE: 1.3489, Loss KD: 16.9181
  Batch 700/782 - Loss CE: 1.3516, Loss KD: 16.9395
  Batch 782/782 - Loss CE: 1.3551, Loss KD: 16.9887
Epoch 58 Training Complete - Avg Loss CE: 1.3551, Avg Loss KD: 16.9887

Epoch 58 Results - Train Acc: 70.55% | Test Acc: 61.00% | Best: 62.95%
0.006082495
Epoch 59: Training...

  Batch 100/782 - Loss CE: 1.2938, Loss KD: 16.3326
  Batch 200/782 - Loss CE: 1.3207, Loss KD: 16.5453
  Batch 300/782 - Loss CE: 1.3325, Loss KD: 16.6119
  Batch 400/782 - Loss CE: 1.3411, Loss KD: 16.7572
  Batch 500/782 - Loss CE: 1.3513, Loss KD: 16.8830
  Batch 600/782 - Loss CE: 1.3530, Loss KD: 16.9023
  Batch 700/782 - Loss CE: 1.3594, Loss KD: 16.9649
  Batch 782/782 - Loss CE: 1.3566, Loss KD: 16.9654
Epoch 59 Training Complete - Avg Loss CE: 1.3566, Avg Loss KD: 16.9654

Epoch 59 Results - Train Acc: 70.68% | Test Acc: 64.06% | Best: 64.06%
0.0061568211111111115
Epoch 60: Training...

  Batch 100/782 - Loss CE: 1.2913, Loss KD: 16.3372
  Batch 200/782 - Loss CE: 1.3137, Loss KD: 16.5562
  Batch 300/782 - Loss CE: 1.3313, Loss KD: 16.6783
  Batch 400/782 - Loss CE: 1.3370, Loss KD: 16.7553
  Batch 500/782 - Loss CE: 1.3456, Loss KD: 16.8524
  Batch 600/782 - Loss CE: 1.3479, Loss KD: 16.9106
  Batch 700/782 - Loss CE: 1.3498, Loss KD: 16.9647
  Batch 782/782 - Loss CE: 1.3520, Loss KD: 17.0040
Epoch 60 Training Complete - Avg Loss CE: 1.3520, Avg Loss KD: 17.0040

Epoch 60 Results - Train Acc: 70.51% | Test Acc: 62.09% | Best: 64.06%
0.0061887374999999994
Epoch 61: Training...

  Batch 100/782 - Loss CE: 1.3180, Loss KD: 16.5172
  Batch 200/782 - Loss CE: 1.3248, Loss KD: 16.4939
  Batch 300/782 - Loss CE: 1.3372, Loss KD: 16.6922
  Batch 400/782 - Loss CE: 1.3381, Loss KD: 16.6877
  Batch 500/782 - Loss CE: 1.3436, Loss KD: 16.7651
  Batch 600/782 - Loss CE: 1.3452, Loss KD: 16.8136
  Batch 700/782 - Loss CE: 1.3446, Loss KD: 16.8622
  Batch 782/782 - Loss CE: 1.3441, Loss KD: 16.8771
Epoch 61 Training Complete - Avg Loss CE: 1.3441, Avg Loss KD: 16.8771

Epoch 61 Results - Train Acc: 70.98% | Test Acc: 61.24% | Best: 64.06%
0.006203672777777777
Epoch 62: Training...

  Batch 100/782 - Loss CE: 1.3198, Loss KD: 16.6519
  Batch 200/782 - Loss CE: 1.3154, Loss KD: 16.5402
  Batch 300/782 - Loss CE: 1.3281, Loss KD: 16.6351
  Batch 400/782 - Loss CE: 1.3321, Loss KD: 16.6892
  Batch 500/782 - Loss CE: 1.3346, Loss KD: 16.7513
  Batch 600/782 - Loss CE: 1.3435, Loss KD: 16.8494
  Batch 700/782 - Loss CE: 1.3486, Loss KD: 16.9495
  Batch 782/782 - Loss CE: 1.3511, Loss KD: 16.9902
Epoch 62 Training Complete - Avg Loss CE: 1.3511, Avg Loss KD: 16.9902

Epoch 62 Results - Train Acc: 70.75% | Test Acc: 62.47% | Best: 64.06%
0.005916548055555556
Epoch 63: Training...

  Batch 100/782 - Loss CE: 1.2981, Loss KD: 16.3223
  Batch 200/782 - Loss CE: 1.3163, Loss KD: 16.5208
  Batch 300/782 - Loss CE: 1.3292, Loss KD: 16.6223
  Batch 400/782 - Loss CE: 1.3269, Loss KD: 16.6354
  Batch 500/782 - Loss CE: 1.3370, Loss KD: 16.7345
  Batch 600/782 - Loss CE: 1.3420, Loss KD: 16.8044
  Batch 700/782 - Loss CE: 1.3494, Loss KD: 16.8967
  Batch 782/782 - Loss CE: 1.3509, Loss KD: 16.9217
Epoch 63 Training Complete - Avg Loss CE: 1.3509, Avg Loss KD: 16.9217

Epoch 63 Results - Train Acc: 70.58% | Test Acc: 60.66% | Best: 64.06%
0.006072885833333333
Epoch 64: Training...

  Batch 100/782 - Loss CE: 1.3192, Loss KD: 16.5425
  Batch 200/782 - Loss CE: 1.3343, Loss KD: 16.6586
  Batch 300/782 - Loss CE: 1.3336, Loss KD: 16.6639
  Batch 400/782 - Loss CE: 1.3389, Loss KD: 16.7359
  Batch 500/782 - Loss CE: 1.3454, Loss KD: 16.7990
  Batch 600/782 - Loss CE: 1.3445, Loss KD: 16.8015
  Batch 700/782 - Loss CE: 1.3482, Loss KD: 16.8860
  Batch 782/782 - Loss CE: 1.3476, Loss KD: 16.9207
Epoch 64 Training Complete - Avg Loss CE: 1.3476, Avg Loss KD: 16.9207

Epoch 64 Results - Train Acc: 70.76% | Test Acc: 60.59% | Best: 64.06%
0.006002530277777778
Epoch 65: Training...

  Batch 100/782 - Loss CE: 1.2876, Loss KD: 16.1587
  Batch 200/782 - Loss CE: 1.3184, Loss KD: 16.5012
  Batch 300/782 - Loss CE: 1.3121, Loss KD: 16.5492
  Batch 400/782 - Loss CE: 1.3241, Loss KD: 16.6488
  Batch 500/782 - Loss CE: 1.3271, Loss KD: 16.7176
  Batch 600/782 - Loss CE: 1.3348, Loss KD: 16.8031
  Batch 700/782 - Loss CE: 1.3395, Loss KD: 16.8380
  Batch 782/782 - Loss CE: 1.3403, Loss KD: 16.8587
Epoch 65 Training Complete - Avg Loss CE: 1.3403, Avg Loss KD: 16.8587

Epoch 65 Results - Train Acc: 70.93% | Test Acc: 64.21% | Best: 64.21%
0.005952417777777778
Epoch 66: Training...

  Batch 100/782 - Loss CE: 1.3386, Loss KD: 16.6373
  Batch 200/782 - Loss CE: 1.3462, Loss KD: 16.7002
  Batch 300/782 - Loss CE: 1.3392, Loss KD: 16.6935
  Batch 400/782 - Loss CE: 1.3408, Loss KD: 16.7412
  Batch 500/782 - Loss CE: 1.3383, Loss KD: 16.8020
  Batch 600/782 - Loss CE: 1.3451, Loss KD: 16.8372
  Batch 700/782 - Loss CE: 1.3501, Loss KD: 16.8958
  Batch 782/782 - Loss CE: 1.3531, Loss KD: 16.9564
Epoch 66 Training Complete - Avg Loss CE: 1.3531, Avg Loss KD: 16.9564

Epoch 66 Results - Train Acc: 70.66% | Test Acc: 58.58% | Best: 64.21%
0.006118504444444444
Epoch 67: Training...

  Batch 100/782 - Loss CE: 1.3446, Loss KD: 16.7900
  Batch 200/782 - Loss CE: 1.3281, Loss KD: 16.6339
  Batch 300/782 - Loss CE: 1.3295, Loss KD: 16.7027
  Batch 400/782 - Loss CE: 1.3317, Loss KD: 16.6812
  Batch 500/782 - Loss CE: 1.3373, Loss KD: 16.7425
  Batch 600/782 - Loss CE: 1.3429, Loss KD: 16.7847
  Batch 700/782 - Loss CE: 1.3458, Loss KD: 16.8547
  Batch 782/782 - Loss CE: 1.3484, Loss KD: 16.8876
Epoch 67 Training Complete - Avg Loss CE: 1.3484, Avg Loss KD: 16.8876

Epoch 67 Results - Train Acc: 70.92% | Test Acc: 62.62% | Best: 64.21%
0.006234623888888889
Epoch 68: Training...

  Batch 100/782 - Loss CE: 1.3275, Loss KD: 16.3265
  Batch 200/782 - Loss CE: 1.3162, Loss KD: 16.4339
  Batch 300/782 - Loss CE: 1.3286, Loss KD: 16.5214
  Batch 400/782 - Loss CE: 1.3369, Loss KD: 16.6087
  Batch 500/782 - Loss CE: 1.3398, Loss KD: 16.6909
  Batch 600/782 - Loss CE: 1.3432, Loss KD: 16.7812
  Batch 700/782 - Loss CE: 1.3424, Loss KD: 16.7865
  Batch 782/782 - Loss CE: 1.3462, Loss KD: 16.8404
Epoch 68 Training Complete - Avg Loss CE: 1.3462, Avg Loss KD: 16.8404

Epoch 68 Results - Train Acc: 70.86% | Test Acc: 57.66% | Best: 64.21%
0.006229771944444444
Epoch 69: Training...

  Batch 100/782 - Loss CE: 1.2994, Loss KD: 16.5153
  Batch 200/782 - Loss CE: 1.3170, Loss KD: 16.4715
  Batch 300/782 - Loss CE: 1.3401, Loss KD: 16.6094
  Batch 400/782 - Loss CE: 1.3375, Loss KD: 16.6930
  Batch 500/782 - Loss CE: 1.3390, Loss KD: 16.7511
  Batch 600/782 - Loss CE: 1.3424, Loss KD: 16.7875
  Batch 700/782 - Loss CE: 1.3491, Loss KD: 16.8301
  Batch 782/782 - Loss CE: 1.3486, Loss KD: 16.8525
Epoch 69 Training Complete - Avg Loss CE: 1.3486, Avg Loss KD: 16.8525

Epoch 69 Results - Train Acc: 70.83% | Test Acc: 62.71% | Best: 64.21%
0.006111931944444445
Epoch 70: Training...

  Batch 100/782 - Loss CE: 1.3228, Loss KD: 16.6571
  Batch 200/782 - Loss CE: 1.3265, Loss KD: 16.6452
  Batch 300/782 - Loss CE: 1.3289, Loss KD: 16.6102
  Batch 400/782 - Loss CE: 1.3369, Loss KD: 16.6537
  Batch 500/782 - Loss CE: 1.3406, Loss KD: 16.7043
  Batch 600/782 - Loss CE: 1.3404, Loss KD: 16.6938
  Batch 700/782 - Loss CE: 1.3436, Loss KD: 16.7684
  Batch 782/782 - Loss CE: 1.3486, Loss KD: 16.8420
Epoch 70 Training Complete - Avg Loss CE: 1.3486, Avg Loss KD: 16.8420

Epoch 70 Results - Train Acc: 70.90% | Test Acc: 61.92% | Best: 64.21%
0.006319745
Epoch 71: Training...

  Batch 100/782 - Loss CE: 1.3143, Loss KD: 16.3320
  Batch 200/782 - Loss CE: 1.3322, Loss KD: 16.5020
  Batch 300/782 - Loss CE: 1.3335, Loss KD: 16.5914
  Batch 400/782 - Loss CE: 1.3377, Loss KD: 16.6334
  Batch 500/782 - Loss CE: 1.3413, Loss KD: 16.6812
  Batch 600/782 - Loss CE: 1.3443, Loss KD: 16.7424
  Batch 700/782 - Loss CE: 1.3430, Loss KD: 16.7724
  Batch 782/782 - Loss CE: 1.3452, Loss KD: 16.8046
Epoch 71 Training Complete - Avg Loss CE: 1.3452, Avg Loss KD: 16.8046

Epoch 71 Results - Train Acc: 71.11% | Test Acc: 64.27% | Best: 64.27%
0.006050221666666667
Epoch 72: Training...

  Batch 100/782 - Loss CE: 1.3294, Loss KD: 16.4550
  Batch 200/782 - Loss CE: 1.3344, Loss KD: 16.5802
  Batch 300/782 - Loss CE: 1.3383, Loss KD: 16.6705
  Batch 400/782 - Loss CE: 1.3451, Loss KD: 16.7189
  Batch 500/782 - Loss CE: 1.3497, Loss KD: 16.8209
  Batch 600/782 - Loss CE: 1.3523, Loss KD: 16.8291
  Batch 700/782 - Loss CE: 1.3512, Loss KD: 16.8611
  Batch 782/782 - Loss CE: 1.3567, Loss KD: 16.9520
Epoch 72 Training Complete - Avg Loss CE: 1.3567, Avg Loss KD: 16.9520

Epoch 72 Results - Train Acc: 70.45% | Test Acc: 61.20% | Best: 64.27%
0.006077021111111111
Epoch 73: Training...

  Batch 100/782 - Loss CE: 1.2845, Loss KD: 16.2205
  Batch 200/782 - Loss CE: 1.3037, Loss KD: 16.3930
  Batch 300/782 - Loss CE: 1.3130, Loss KD: 16.4255
  Batch 400/782 - Loss CE: 1.3186, Loss KD: 16.5009
  Batch 500/782 - Loss CE: 1.3291, Loss KD: 16.6071
  Batch 600/782 - Loss CE: 1.3319, Loss KD: 16.6500
  Batch 700/782 - Loss CE: 1.3402, Loss KD: 16.7231
  Batch 782/782 - Loss CE: 1.3411, Loss KD: 16.7623
Epoch 73 Training Complete - Avg Loss CE: 1.3411, Avg Loss KD: 16.7623

Epoch 73 Results - Train Acc: 70.90% | Test Acc: 63.51% | Best: 64.27%
0.005984915
Epoch 74: Training...

  Batch 100/782 - Loss CE: 1.3194, Loss KD: 16.5486
  Batch 200/782 - Loss CE: 1.3439, Loss KD: 16.6657
  Batch 300/782 - Loss CE: 1.3400, Loss KD: 16.6427
  Batch 400/782 - Loss CE: 1.3390, Loss KD: 16.7047
  Batch 500/782 - Loss CE: 1.3411, Loss KD: 16.7572
  Batch 600/782 - Loss CE: 1.3424, Loss KD: 16.7765
  Batch 700/782 - Loss CE: 1.3495, Loss KD: 16.8711
  Batch 782/782 - Loss CE: 1.3506, Loss KD: 16.9054
Epoch 74 Training Complete - Avg Loss CE: 1.3506, Avg Loss KD: 16.9054

Epoch 74 Results - Train Acc: 70.68% | Test Acc: 61.76% | Best: 64.27%
0.006035534166666667
Epoch 75: Training...

  Batch 100/782 - Loss CE: 1.3444, Loss KD: 16.6716
  Batch 200/782 - Loss CE: 1.3475, Loss KD: 16.5987
  Batch 300/782 - Loss CE: 1.3358, Loss KD: 16.6127
  Batch 400/782 - Loss CE: 1.3398, Loss KD: 16.6175
  Batch 500/782 - Loss CE: 1.3434, Loss KD: 16.7080
  Batch 600/782 - Loss CE: 1.3467, Loss KD: 16.7260
  Batch 700/782 - Loss CE: 1.3509, Loss KD: 16.8147
  Batch 782/782 - Loss CE: 1.3511, Loss KD: 16.8164
Epoch 75 Training Complete - Avg Loss CE: 1.3511, Avg Loss KD: 16.8164

Epoch 75 Results - Train Acc: 71.02% | Test Acc: 58.47% | Best: 64.27%
0.006063105
Epoch 76: Training...

  Batch 100/782 - Loss CE: 1.3300, Loss KD: 16.6462
  Batch 200/782 - Loss CE: 1.3328, Loss KD: 16.5783
  Batch 300/782 - Loss CE: 1.3387, Loss KD: 16.6006
  Batch 400/782 - Loss CE: 1.3368, Loss KD: 16.6199
  Batch 500/782 - Loss CE: 1.3370, Loss KD: 16.6596
  Batch 600/782 - Loss CE: 1.3390, Loss KD: 16.7053
  Batch 700/782 - Loss CE: 1.3475, Loss KD: 16.7931
  Batch 782/782 - Loss CE: 1.3487, Loss KD: 16.8020
Epoch 76 Training Complete - Avg Loss CE: 1.3487, Avg Loss KD: 16.8020

Epoch 76 Results - Train Acc: 70.98% | Test Acc: 61.53% | Best: 64.27%
0.006005357777777778
Epoch 77: Training...

  Batch 100/782 - Loss CE: 1.3178, Loss KD: 16.3281
  Batch 200/782 - Loss CE: 1.3255, Loss KD: 16.5460
  Batch 300/782 - Loss CE: 1.3307, Loss KD: 16.5940
  Batch 400/782 - Loss CE: 1.3441, Loss KD: 16.6878
  Batch 500/782 - Loss CE: 1.3471, Loss KD: 16.7161
  Batch 600/782 - Loss CE: 1.3482, Loss KD: 16.7417
  Batch 700/782 - Loss CE: 1.3494, Loss KD: 16.7745
  Batch 782/782 - Loss CE: 1.3505, Loss KD: 16.8220
Epoch 77 Training Complete - Avg Loss CE: 1.3505, Avg Loss KD: 16.8220

Epoch 77 Results - Train Acc: 70.94% | Test Acc: 59.47% | Best: 64.27%
0.0062408574999999996
Epoch 78: Training...

  Batch 100/782 - Loss CE: 1.2954, Loss KD: 16.2751
  Batch 200/782 - Loss CE: 1.3202, Loss KD: 16.4136
  Batch 300/782 - Loss CE: 1.3248, Loss KD: 16.5654
  Batch 400/782 - Loss CE: 1.3302, Loss KD: 16.5933
  Batch 500/782 - Loss CE: 1.3384, Loss KD: 16.6547
  Batch 600/782 - Loss CE: 1.3419, Loss KD: 16.7049
  Batch 700/782 - Loss CE: 1.3461, Loss KD: 16.7321
  Batch 782/782 - Loss CE: 1.3492, Loss KD: 16.7774
Epoch 78 Training Complete - Avg Loss CE: 1.3492, Avg Loss KD: 16.7774

Epoch 78 Results - Train Acc: 71.18% | Test Acc: 61.54% | Best: 64.27%
0.006069630277777778
Epoch 79: Training...

  Batch 100/782 - Loss CE: 1.3167, Loss KD: 16.4977
  Batch 200/782 - Loss CE: 1.3342, Loss KD: 16.4609
  Batch 300/782 - Loss CE: 1.3375, Loss KD: 16.5609
  Batch 400/782 - Loss CE: 1.3393, Loss KD: 16.6395
  Batch 500/782 - Loss CE: 1.3449, Loss KD: 16.6883
  Batch 600/782 - Loss CE: 1.3411, Loss KD: 16.6969
  Batch 700/782 - Loss CE: 1.3454, Loss KD: 16.7638
  Batch 782/782 - Loss CE: 1.3476, Loss KD: 16.7971
Epoch 79 Training Complete - Avg Loss CE: 1.3476, Avg Loss KD: 16.7971

Epoch 79 Results - Train Acc: 71.15% | Test Acc: 63.14% | Best: 64.27%
0.006068018333333333
Epoch 80: Training...

  Batch 100/782 - Loss CE: 1.3181, Loss KD: 16.3504
  Batch 200/782 - Loss CE: 1.3306, Loss KD: 16.5494
  Batch 300/782 - Loss CE: 1.3342, Loss KD: 16.5868
  Batch 400/782 - Loss CE: 1.3343, Loss KD: 16.6468
  Batch 500/782 - Loss CE: 1.3425, Loss KD: 16.7192
  Batch 600/782 - Loss CE: 1.3452, Loss KD: 16.7533
  Batch 700/782 - Loss CE: 1.3540, Loss KD: 16.8386
  Batch 782/782 - Loss CE: 1.3567, Loss KD: 16.8871
Epoch 80 Training Complete - Avg Loss CE: 1.3567, Avg Loss KD: 16.8871

Epoch 80 Results - Train Acc: 71.03% | Test Acc: 63.63% | Best: 64.27%
0.006040646111111111
Epoch 81: Training...

  Batch 100/782 - Loss CE: 1.2912, Loss KD: 16.3379
  Batch 200/782 - Loss CE: 1.3096, Loss KD: 16.3873
  Batch 300/782 - Loss CE: 1.3181, Loss KD: 16.4699
  Batch 400/782 - Loss CE: 1.3279, Loss KD: 16.5380
  Batch 500/782 - Loss CE: 1.3294, Loss KD: 16.5712
  Batch 600/782 - Loss CE: 1.3344, Loss KD: 16.6543
  Batch 700/782 - Loss CE: 1.3404, Loss KD: 16.6821
  Batch 782/782 - Loss CE: 1.3454, Loss KD: 16.7373
Epoch 81 Training Complete - Avg Loss CE: 1.3454, Avg Loss KD: 16.7373

Epoch 81 Results - Train Acc: 71.12% | Test Acc: 64.14% | Best: 64.27%
0.006014393611111111
Epoch 82: Training...

